============================= test session starts =============================
platform win32 -- Python 3.10.11, pytest-9.0.2, pluggy-1.6.0
rootdir: C:\plugin_autocad\src\backend
configfile: pytest.ini
plugins: anyio-4.12.1, Faker-40.1.2, cov-7.0.0, html-4.2.0, metadata-3.1.1, timeout-2.4.0
timeout: 30.0s
timeout method: thread
timeout func_only: False
collected 11 items

tests\test_ai_context.py ..                                              [ 18%]
tests\test_api_auth_and_jobs.py .......                                  [ 81%]
tests\test_crs.py ..                                                     [100%]

============================== warnings summary ===============================
tests/test_api_auth_and_jobs.py::test_health_is_public
  C:\plugin_autocad\src\backend\backend\models.py:9: PydanticDeprecatedSince20: Using extra keyword arguments on `Field` is deprecated and will be removed. Use `json_schema_extra` instead. (Extra keys: 'example'). Deprecated in Pydantic V2.0 to be removed in V3.0. See Pydantic V2 Migration Guide at https://errors.pydantic.dev/2.12/migration/
    status: str = Field(..., description="Operational status of the API", example="ok")

tests/test_api_auth_and_jobs.py::test_health_is_public
  C:\plugin_autocad\src\backend\backend\models.py:26: PydanticDeprecatedSince20: Using extra keyword arguments on `Field` is deprecated and will be removed. Use `json_schema_extra` instead. (Extra keys: 'example'). Deprecated in Pydantic V2.0 to be removed in V3.0. See Pydantic V2 Migration Guide at https://errors.pydantic.dev/2.12/migration/
    latitude: float = Field(..., description="Target latitude (EPSG:4326)", example=-21.7634)

tests/test_api_auth_and_jobs.py::test_health_is_public
  C:\plugin_autocad\src\backend\backend\models.py:27: PydanticDeprecatedSince20: Using extra keyword arguments on `Field` is deprecated and will be removed. Use `json_schema_extra` instead. (Extra keys: 'example'). Deprecated in Pydantic V2.0 to be removed in V3.0. See Pydantic V2 Migration Guide at https://errors.pydantic.dev/2.12/migration/
    longitude: float = Field(..., description="Target longitude (EPSG:4326)", example=-41.3235)

tests/test_api_auth_and_jobs.py::test_health_is_public
  C:\plugin_autocad\src\backend\backend\models.py:28: PydanticDeprecatedSince20: Using extra keyword arguments on `Field` is deprecated and will be removed. Use `json_schema_extra` instead. (Extra keys: 'example'). Deprecated in Pydantic V2.0 to be removed in V3.0. See Pydantic V2 Migration Guide at https://errors.pydantic.dev/2.12/migration/
    radius: float = Field(..., description="Search radius in meters", example=500.0)

tests/test_api_auth_and_jobs.py::test_health_is_public
  C:\plugin_autocad\src\backend\backend\models.py:63: PydanticDeprecatedSince20: Using extra keyword arguments on `Field` is deprecated and will be removed. Use `json_schema_extra` instead. (Extra keys: 'example'). Deprecated in Pydantic V2.0 to be removed in V3.0. See Pydantic V2 Migration Guide at https://errors.pydantic.dev/2.12/migration/
    crs_out: Optional[str] = Field(None, description="Projected Coordinate Reference System", example="EPSG:31983")

tests/test_api_auth_and_jobs.py::test_health_is_public
  C:\plugin_autocad\src\backend\backend\models.py:94: PydanticDeprecatedSince20: Using extra keyword arguments on `Field` is deprecated and will be removed. Use `json_schema_extra` instead. (Extra keys: 'example'). Deprecated in Pydantic V2.0 to be removed in V3.0. See Pydantic V2 Migration Guide at https://errors.pydantic.dev/2.12/migration/
    url: str = Field(..., description="Target URL to receive webhook events", example="https://example.com/webhook")

tests/test_api_auth_and_jobs.py::test_health_is_public
  C:\plugin_autocad\src\backend\backend\models.py:98: PydanticDeprecatedSince20: Using extra keyword arguments on `Field` is deprecated and will be removed. Use `json_schema_extra` instead. (Extra keys: 'example'). Deprecated in Pydantic V2.0 to be removed in V3.0. See Pydantic V2 Migration Guide at https://errors.pydantic.dev/2.12/migration/
    event_type: str = Field(..., description="Type of the internal event", example="project_saved")

tests/test_api_auth_and_jobs.py::test_health_is_public
tests/test_api_auth_and_jobs.py::test_health_is_public
tests/test_api_auth_and_jobs.py::test_auth_check_requires_token
tests/test_api_auth_and_jobs.py::test_auth_check_ok_with_token
tests/test_api_auth_and_jobs.py::test_create_prepare_job_geojson_completes
tests/test_api_auth_and_jobs.py::test_jobs_require_token
tests/test_api_auth_and_jobs.py::test_create_prepare_job_osm_blocks_completes
tests/test_api_auth_and_jobs.py::test_create_prepare_job_geojson_blocks_completes
  C:\plugin_autocad\src\backend\backend\api.py:194: DeprecationWarning: 
          on_event is deprecated, use lifespan event handlers instead.
  
          Read more about it in the
          [FastAPI docs for Lifespan Events](https://fastapi.tiangolo.com/advanced/events/).
          
    @app.on_event("startup")

tests/test_api_auth_and_jobs.py: 16 warnings
  C:\Users\Jonatas Lampa\AppData\Local\Programs\Python\Python310\lib\site-packages\fastapi\applications.py:4576: DeprecationWarning: 
          on_event is deprecated, use lifespan event handlers instead.
  
          Read more about it in the
          [FastAPI docs for Lifespan Events](https://fastapi.tiangolo.com/advanced/events/).
          
    return self.router.on_event(event_type)

tests/test_api_auth_and_jobs.py::test_health_is_public
tests/test_api_auth_and_jobs.py::test_health_is_public
tests/test_api_auth_and_jobs.py::test_auth_check_requires_token
tests/test_api_auth_and_jobs.py::test_auth_check_ok_with_token
tests/test_api_auth_and_jobs.py::test_create_prepare_job_geojson_completes
tests/test_api_auth_and_jobs.py::test_jobs_require_token
tests/test_api_auth_and_jobs.py::test_create_prepare_job_osm_blocks_completes
tests/test_api_auth_and_jobs.py::test_create_prepare_job_geojson_blocks_completes
  C:\plugin_autocad\src\backend\backend\api.py:284: DeprecationWarning: 
          on_event is deprecated, use lifespan event handlers instead.
  
          Read more about it in the
          [FastAPI docs for Lifespan Events](https://fastapi.tiangolo.com/advanced/events/).
          
    @app.on_event("shutdown")

-- Docs: https://docs.pytest.org/en/stable/how-to/capture-warnings.html
====================== 11 passed, 39 warnings in 24.55s =======================
